[0.071s] DEBUG:colcon:Command line arguments: ['/usr/bin/colcon', 'build', '--packages-select', 'defect_detection', '--symlink-install', '--event-handlers', 'console_direct+']
[0.071s] DEBUG:colcon:Parsed command line arguments: Namespace(log_base=None, log_level=None, verb_name='build', build_base='build', install_base='install', merge_install=False, symlink_install=True, test_result_base=None, continue_on_error=False, executor='parallel', parallel_workers=20, event_handlers=['console_direct+'], ignore_user_meta=False, metas=['./colcon.meta'], base_paths=['.'], packages_ignore=None, packages_ignore_regex=None, paths=None, packages_up_to=None, packages_up_to_regex=None, packages_above=None, packages_above_and_dependencies=None, packages_above_depth=None, packages_select_by_dep=None, packages_skip_by_dep=None, packages_skip_up_to=None, packages_select_build_failed=False, packages_skip_build_finished=False, packages_select_test_failures=False, packages_skip_test_passed=False, packages_select=['defect_detection'], packages_skip=None, packages_select_regex=None, packages_skip_regex=None, packages_start=None, packages_end=None, allow_overriding=[], cmake_args=None, cmake_target=None, cmake_target_skip_unavailable=False, cmake_clean_cache=False, cmake_clean_first=False, cmake_force_configure=False, ament_cmake_args=None, catkin_cmake_args=None, catkin_skip_building_tests=False, verb_parser=<colcon_defaults.argument_parser.defaults.DefaultArgumentsDecorator object at 0x746e8f8768a0>, verb_extension=<colcon_core.verb.build.BuildVerb object at 0x746e8ffb5a30>, main=<bound method BuildVerb.main of <colcon_core.verb.build.BuildVerb object at 0x746e8ffb5a30>>)
[0.096s] Level 1:colcon.colcon_core.package_discovery:discover_packages(colcon_meta) check parameters
[0.096s] Level 1:colcon.colcon_core.package_discovery:discover_packages(recursive) check parameters
[0.097s] Level 1:colcon.colcon_core.package_discovery:discover_packages(ignore) check parameters
[0.097s] Level 1:colcon.colcon_core.package_discovery:discover_packages(path) check parameters
[0.097s] Level 1:colcon.colcon_core.package_discovery:discover_packages(colcon_meta) discover
[0.097s] Level 1:colcon.colcon_core.package_discovery:discover_packages(recursive) discover
[0.097s] INFO:colcon.colcon_core.package_discovery:Crawling recursively for packages in '/home/avaradar/ros2_ws'
[0.097s] Level 1:colcon.colcon_core.package_identification:_identify(.) by extensions ['ignore', 'ignore_ament_install']
[0.097s] Level 1:colcon.colcon_core.package_identification:_identify(.) by extension 'ignore'
[0.097s] Level 1:colcon.colcon_core.package_identification:_identify(.) by extension 'ignore_ament_install'
[0.097s] Level 1:colcon.colcon_core.package_identification:_identify(.) by extensions ['colcon_pkg']
[0.097s] Level 1:colcon.colcon_core.package_identification:_identify(.) by extension 'colcon_pkg'
[0.097s] Level 1:colcon.colcon_core.package_identification:_identify(.) by extensions ['colcon_meta']
[0.097s] Level 1:colcon.colcon_core.package_identification:_identify(.) by extension 'colcon_meta'
[0.097s] Level 1:colcon.colcon_core.package_identification:_identify(.) by extensions ['ros']
[0.097s] Level 1:colcon.colcon_core.package_identification:_identify(.) by extension 'ros'
[0.110s] Level 1:colcon.colcon_core.package_identification:_identify(.) by extensions ['cmake', 'python']
[0.110s] Level 1:colcon.colcon_core.package_identification:_identify(.) by extension 'cmake'
[0.110s] Level 1:colcon.colcon_core.package_identification:_identify(.) by extension 'python'
[0.110s] Level 1:colcon.colcon_core.package_identification:_identify(.) by extensions ['python_setup_py']
[0.110s] Level 1:colcon.colcon_core.package_identification:_identify(.) by extension 'python_setup_py'
[0.110s] Level 1:colcon.colcon_core.package_identification:_identify(build) by extensions ['ignore', 'ignore_ament_install']
[0.110s] Level 1:colcon.colcon_core.package_identification:_identify(build) by extension 'ignore'
[0.110s] Level 1:colcon.colcon_core.package_identification:_identify(build) ignored
[0.110s] Level 1:colcon.colcon_core.package_identification:_identify(install) by extensions ['ignore', 'ignore_ament_install']
[0.110s] Level 1:colcon.colcon_core.package_identification:_identify(install) by extension 'ignore'
[0.110s] Level 1:colcon.colcon_core.package_identification:_identify(install) ignored
[0.110s] Level 1:colcon.colcon_core.package_identification:_identify(log) by extensions ['ignore', 'ignore_ament_install']
[0.110s] Level 1:colcon.colcon_core.package_identification:_identify(log) by extension 'ignore'
[0.110s] Level 1:colcon.colcon_core.package_identification:_identify(log) ignored
[0.110s] Level 1:colcon.colcon_core.package_identification:_identify(src) by extensions ['ignore', 'ignore_ament_install']
[0.110s] Level 1:colcon.colcon_core.package_identification:_identify(src) by extension 'ignore'
[0.110s] Level 1:colcon.colcon_core.package_identification:_identify(src) by extension 'ignore_ament_install'
[0.110s] Level 1:colcon.colcon_core.package_identification:_identify(src) by extensions ['colcon_pkg']
[0.110s] Level 1:colcon.colcon_core.package_identification:_identify(src) by extension 'colcon_pkg'
[0.110s] Level 1:colcon.colcon_core.package_identification:_identify(src) by extensions ['colcon_meta']
[0.110s] Level 1:colcon.colcon_core.package_identification:_identify(src) by extension 'colcon_meta'
[0.111s] Level 1:colcon.colcon_core.package_identification:_identify(src) by extensions ['ros']
[0.111s] Level 1:colcon.colcon_core.package_identification:_identify(src) by extension 'ros'
[0.111s] Level 1:colcon.colcon_core.package_identification:_identify(src) by extensions ['cmake', 'python']
[0.111s] Level 1:colcon.colcon_core.package_identification:_identify(src) by extension 'cmake'
[0.111s] Level 1:colcon.colcon_core.package_identification:_identify(src) by extension 'python'
[0.111s] Level 1:colcon.colcon_core.package_identification:_identify(src) by extensions ['python_setup_py']
[0.111s] Level 1:colcon.colcon_core.package_identification:_identify(src) by extension 'python_setup_py'
[0.111s] Level 1:colcon.colcon_core.package_identification:_identify(src/defect_detection) by extensions ['ignore', 'ignore_ament_install']
[0.111s] Level 1:colcon.colcon_core.package_identification:_identify(src/defect_detection) by extension 'ignore'
[0.111s] Level 1:colcon.colcon_core.package_identification:_identify(src/defect_detection) by extension 'ignore_ament_install'
[0.111s] Level 1:colcon.colcon_core.package_identification:_identify(src/defect_detection) by extensions ['colcon_pkg']
[0.111s] Level 1:colcon.colcon_core.package_identification:_identify(src/defect_detection) by extension 'colcon_pkg'
[0.111s] Level 1:colcon.colcon_core.package_identification:_identify(src/defect_detection) by extensions ['colcon_meta']
[0.111s] Level 1:colcon.colcon_core.package_identification:_identify(src/defect_detection) by extension 'colcon_meta'
[0.111s] Level 1:colcon.colcon_core.package_identification:_identify(src/defect_detection) by extensions ['ros']
[0.111s] Level 1:colcon.colcon_core.package_identification:_identify(src/defect_detection) by extension 'ros'
[0.112s] DEBUG:colcon.colcon_core.package_identification:Package 'src/defect_detection' with type 'ros.ament_python' and name 'defect_detection'
[0.112s] Level 1:colcon.colcon_core.package_discovery:discover_packages(recursive) using defaults
[0.112s] Level 1:colcon.colcon_core.package_discovery:discover_packages(ignore) discover
[0.112s] Level 1:colcon.colcon_core.package_discovery:discover_packages(ignore) using defaults
[0.112s] Level 1:colcon.colcon_core.package_discovery:discover_packages(path) discover
[0.112s] Level 1:colcon.colcon_core.package_discovery:discover_packages(path) using defaults
[0.121s] Level 1:colcon.colcon_core.package_discovery:discover_packages(prefix_path) check parameters
[0.121s] Level 1:colcon.colcon_core.package_discovery:discover_packages(prefix_path) discover
[0.122s] DEBUG:colcon.colcon_installed_package_information.package_discovery:Found 1 installed packages in /home/avaradar/ros2_ws/install
[0.123s] DEBUG:colcon.colcon_installed_package_information.package_discovery:Found 288 installed packages in /opt/ros/jazzy
[0.123s] Level 1:colcon.colcon_core.package_discovery:discover_packages(prefix_path) using defaults
[0.140s] Level 5:colcon.colcon_core.verb:set package 'defect_detection' build argument 'cmake_args' from command line to 'None'
[0.140s] Level 5:colcon.colcon_core.verb:set package 'defect_detection' build argument 'cmake_target' from command line to 'None'
[0.140s] Level 5:colcon.colcon_core.verb:set package 'defect_detection' build argument 'cmake_target_skip_unavailable' from command line to 'False'
[0.140s] Level 5:colcon.colcon_core.verb:set package 'defect_detection' build argument 'cmake_clean_cache' from command line to 'False'
[0.140s] Level 5:colcon.colcon_core.verb:set package 'defect_detection' build argument 'cmake_clean_first' from command line to 'False'
[0.140s] Level 5:colcon.colcon_core.verb:set package 'defect_detection' build argument 'cmake_force_configure' from command line to 'False'
[0.140s] Level 5:colcon.colcon_core.verb:set package 'defect_detection' build argument 'ament_cmake_args' from command line to 'None'
[0.140s] Level 5:colcon.colcon_core.verb:set package 'defect_detection' build argument 'catkin_cmake_args' from command line to 'None'
[0.140s] Level 5:colcon.colcon_core.verb:set package 'defect_detection' build argument 'catkin_skip_building_tests' from command line to 'False'
[0.140s] DEBUG:colcon.colcon_core.verb:Building package 'defect_detection' with the following arguments: {'ament_cmake_args': None, 'build_base': '/home/avaradar/ros2_ws/build/defect_detection', 'catkin_cmake_args': None, 'catkin_skip_building_tests': False, 'cmake_args': None, 'cmake_clean_cache': False, 'cmake_clean_first': False, 'cmake_force_configure': False, 'cmake_target': None, 'cmake_target_skip_unavailable': False, 'install_base': '/home/avaradar/ros2_ws/install/defect_detection', 'merge_install': False, 'path': '/home/avaradar/ros2_ws/src/defect_detection', 'symlink_install': True, 'test_result_base': None}
[0.140s] INFO:colcon.colcon_core.executor:Executing jobs using 'parallel' executor
[0.141s] DEBUG:colcon.colcon_parallel_executor.executor.parallel:run_until_complete
[0.141s] INFO:colcon.colcon_ros.task.ament_python.build:Building ROS package in '/home/avaradar/ros2_ws/src/defect_detection' with build type 'ament_python'
[0.141s] Level 1:colcon.colcon_core.shell:create_environment_hook('defect_detection', 'ament_prefix_path')
[0.142s] INFO:colcon.colcon_core.plugin_system:Skipping extension 'colcon_core.shell.bat': Not used on non-Windows systems
[0.142s] INFO:colcon.colcon_core.shell:Creating environment hook '/home/avaradar/ros2_ws/install/defect_detection/share/defect_detection/hook/ament_prefix_path.ps1'
[0.143s] INFO:colcon.colcon_core.shell:Creating environment descriptor '/home/avaradar/ros2_ws/install/defect_detection/share/defect_detection/hook/ament_prefix_path.dsv'
[0.143s] INFO:colcon.colcon_core.shell:Creating environment hook '/home/avaradar/ros2_ws/install/defect_detection/share/defect_detection/hook/ament_prefix_path.sh'
[0.144s] INFO:colcon.colcon_core.shell:Skip shell extension 'powershell' for command environment: Not usable outside of PowerShell
[0.144s] DEBUG:colcon.colcon_core.shell:Skip shell extension 'dsv' for command environment
[0.259s] INFO:colcon.colcon_core.task.python.build:Building Python package in '/home/avaradar/ros2_ws/src/defect_detection'
[0.259s] INFO:colcon.colcon_core.shell:Skip shell extension 'powershell' for command environment: Not usable outside of PowerShell
[0.259s] DEBUG:colcon.colcon_core.shell:Skip shell extension 'dsv' for command environment
[0.542s] DEBUG:colcon.colcon_core.event_handler.log_command:Invoking command in '/home/avaradar/ros2_ws/build/defect_detection': PYTHONPATH=/home/avaradar/ros2_ws/build/defect_detection/prefix_override:/usr/lib/python3/dist-packages/colcon_core/task/python/colcon_distutils_commands:/home/avaradar/ros2_ws/install/defect_detection/lib/python3.12/site-packages:${PYTHONPATH} /usr/bin/python3 -W ignore:setup.py install is deprecated -W ignore:easy_install command is deprecated setup.py develop --editable --build-directory /home/avaradar/ros2_ws/build/defect_detection/build --no-deps symlink_data
[0.836s] Level 1:colcon.colcon_core.shell:create_environment_hook('defect_detection', 'pythonpath_develop')
[0.836s] DEBUG:colcon.colcon_core.event_handler.log_command:Invoked command in '/home/avaradar/ros2_ws/build/defect_detection' returned '0': PYTHONPATH=/home/avaradar/ros2_ws/build/defect_detection/prefix_override:/usr/lib/python3/dist-packages/colcon_core/task/python/colcon_distutils_commands:/home/avaradar/ros2_ws/install/defect_detection/lib/python3.12/site-packages:${PYTHONPATH} /usr/bin/python3 -W ignore:setup.py install is deprecated -W ignore:easy_install command is deprecated setup.py develop --editable --build-directory /home/avaradar/ros2_ws/build/defect_detection/build --no-deps symlink_data
[0.837s] INFO:colcon.colcon_core.shell:Creating environment hook '/home/avaradar/ros2_ws/build/defect_detection/share/defect_detection/hook/pythonpath_develop.ps1'
[0.837s] INFO:colcon.colcon_core.shell:Creating environment descriptor '/home/avaradar/ros2_ws/build/defect_detection/share/defect_detection/hook/pythonpath_develop.dsv'
[0.837s] INFO:colcon.colcon_core.shell:Creating environment hook '/home/avaradar/ros2_ws/build/defect_detection/share/defect_detection/hook/pythonpath_develop.sh'
[0.839s] Level 1:colcon.colcon_core.environment:checking '/home/avaradar/ros2_ws/install/defect_detection' for CMake module files
[0.839s] Level 1:colcon.colcon_core.environment:checking '/home/avaradar/ros2_ws/install/defect_detection' for CMake config files
[0.839s] Level 1:colcon.colcon_core.environment:checking '/home/avaradar/ros2_ws/install/defect_detection/lib'
[0.839s] Level 1:colcon.colcon_core.environment:checking '/home/avaradar/ros2_ws/install/defect_detection/bin'
[0.839s] Level 1:colcon.colcon_core.environment:checking '/home/avaradar/ros2_ws/install/defect_detection/lib/pkgconfig/defect_detection.pc'
[0.839s] Level 1:colcon.colcon_core.environment:checking '/home/avaradar/ros2_ws/install/defect_detection/lib/python3.12/site-packages'
[0.840s] Level 1:colcon.colcon_core.shell:create_environment_hook('defect_detection', 'pythonpath')
[0.840s] INFO:colcon.colcon_core.shell:Creating environment hook '/home/avaradar/ros2_ws/install/defect_detection/share/defect_detection/hook/pythonpath.ps1'
[0.840s] INFO:colcon.colcon_core.shell:Creating environment descriptor '/home/avaradar/ros2_ws/install/defect_detection/share/defect_detection/hook/pythonpath.dsv'
[0.840s] INFO:colcon.colcon_core.shell:Creating environment hook '/home/avaradar/ros2_ws/install/defect_detection/share/defect_detection/hook/pythonpath.sh'
[0.841s] Level 1:colcon.colcon_core.environment:checking '/home/avaradar/ros2_ws/install/defect_detection/bin'
[0.841s] Level 1:colcon.colcon_core.environment:create_environment_scripts_only(defect_detection)
[0.841s] INFO:colcon.colcon_core.shell:Creating package script '/home/avaradar/ros2_ws/install/defect_detection/share/defect_detection/package.ps1'
[0.842s] INFO:colcon.colcon_core.shell:Creating package descriptor '/home/avaradar/ros2_ws/install/defect_detection/share/defect_detection/package.dsv'
[0.842s] INFO:colcon.colcon_core.shell:Creating package script '/home/avaradar/ros2_ws/install/defect_detection/share/defect_detection/package.sh'
[0.842s] INFO:colcon.colcon_core.shell:Creating package script '/home/avaradar/ros2_ws/install/defect_detection/share/defect_detection/package.bash'
[0.843s] INFO:colcon.colcon_core.shell:Creating package script '/home/avaradar/ros2_ws/install/defect_detection/share/defect_detection/package.zsh'
[0.843s] Level 1:colcon.colcon_core.environment:create_file_with_runtime_dependencies(/home/avaradar/ros2_ws/install/defect_detection/share/colcon-core/packages/defect_detection)
[0.843s] DEBUG:colcon.colcon_parallel_executor.executor.parallel:closing loop
[0.843s] DEBUG:colcon.colcon_parallel_executor.executor.parallel:loop closed
[0.843s] DEBUG:colcon.colcon_parallel_executor.executor.parallel:run_until_complete finished with '0'
[0.843s] DEBUG:colcon.colcon_core.event_reactor:joining thread
[0.856s] INFO:colcon.colcon_core.plugin_system:Skipping extension 'colcon_notification.desktop_notification.notify_send': Could not find 'notify-send'
[0.856s] INFO:colcon.colcon_core.plugin_system:Skipping extension 'colcon_notification.desktop_notification.terminal_notifier': Not used on non-Darwin systems
[0.856s] INFO:colcon.colcon_core.plugin_system:Skipping extension 'colcon_notification.desktop_notification.win32': Not used on non-Windows systems
[0.856s] INFO:colcon.colcon_notification.desktop_notification:Sending desktop notification using 'notify2'
[0.856s] DEBUG:colcon.colcon_notification.desktop_notification.notify2:Failed to initialize notify2: org.freedesktop.DBus.Error.AccessDenied: Failed to connect to socket /run/user/1000/bus: Operation not permitted
[0.856s] DEBUG:colcon.colcon_core.event_reactor:joined thread
[0.857s] INFO:colcon.colcon_core.shell:Creating prefix script '/home/avaradar/ros2_ws/install/local_setup.ps1'
[0.857s] INFO:colcon.colcon_core.shell:Creating prefix util module '/home/avaradar/ros2_ws/install/_local_setup_util_ps1.py'
[0.857s] INFO:colcon.colcon_core.shell:Creating prefix chain script '/home/avaradar/ros2_ws/install/setup.ps1'
[0.858s] INFO:colcon.colcon_core.shell:Creating prefix script '/home/avaradar/ros2_ws/install/local_setup.sh'
[0.858s] INFO:colcon.colcon_core.shell:Creating prefix util module '/home/avaradar/ros2_ws/install/_local_setup_util_sh.py'
[0.858s] INFO:colcon.colcon_core.shell:Creating prefix chain script '/home/avaradar/ros2_ws/install/setup.sh'
[0.859s] INFO:colcon.colcon_core.shell:Creating prefix script '/home/avaradar/ros2_ws/install/local_setup.bash'
[0.859s] INFO:colcon.colcon_core.shell:Creating prefix chain script '/home/avaradar/ros2_ws/install/setup.bash'
[0.859s] INFO:colcon.colcon_core.shell:Creating prefix script '/home/avaradar/ros2_ws/install/local_setup.zsh'
[0.859s] INFO:colcon.colcon_core.shell:Creating prefix chain script '/home/avaradar/ros2_ws/install/setup.zsh'
