/home/avaradar/ros2_ws/install/defect_detection/lib/python3.12/site-packages/defect_detection/__init__.py
/home/avaradar/ros2_ws/install/defect_detection/lib/python3.12/site-packages/defect_detection/inspection_database/__init__.py
/home/avaradar/ros2_ws/install/defect_detection/lib/python3.12/site-packages/defect_detection/digital_twin/__init__.py
/home/avaradar/ros2_ws/install/defect_detection/lib/python3.12/site-packages/defect_detection/defect_detection/yolo_detector.py
/home/avaradar/ros2_ws/install/defect_detection/lib/python3.12/site-packages/defect_detection/defect_detection/__init__.py
/home/avaradar/ros2_ws/install/defect_detection/lib/python3.12/site-packages/defect_detection/autonomous_reinspection/__init__.py
/home/avaradar/ros2_ws/install/defect_detection/lib/python3.12/site-packages/defect_detection/pointcloud_loading/__init__.py
/home/avaradar/ros2_ws/install/defect_detection/lib/python3.12/site-packages/defect_detection/pointcloud_loading/point_cloud_subscriber.py
/home/avaradar/ros2_ws/install/defect_detection/lib/python3.12/site-packages/defect_detection/defect_localization/extract_3d_detections.py
/home/avaradar/ros2_ws/install/defect_detection/lib/python3.12/site-packages/defect_detection/defect_localization/__init__.py
/home/avaradar/ros2_ws/install/defect_detection/lib/python3.12/site-packages/defect_detection/report_generation/__init__.py
/home/avaradar/ros2_ws/install/defect_detection/lib/python3.12/site-packages/defect_detection/spot_cam_loading/image_publisher.py
/home/avaradar/ros2_ws/install/defect_detection/lib/python3.12/site-packages/defect_detection/spot_cam_loading/image_subscriber.py
/home/avaradar/ros2_ws/install/defect_detection/lib/python3.12/site-packages/defect_detection/spot_cam_loading/__init__.py
/home/avaradar/ros2_ws/install/defect_detection/lib/python3.12/site-packages/defect_detection/__pycache__/__init__.cpython-312.pyc
/home/avaradar/ros2_ws/install/defect_detection/lib/python3.12/site-packages/defect_detection/inspection_database/__pycache__/__init__.cpython-312.pyc
/home/avaradar/ros2_ws/install/defect_detection/lib/python3.12/site-packages/defect_detection/digital_twin/__pycache__/__init__.cpython-312.pyc
/home/avaradar/ros2_ws/install/defect_detection/lib/python3.12/site-packages/defect_detection/defect_detection/__pycache__/yolo_detector.cpython-312.pyc
/home/avaradar/ros2_ws/install/defect_detection/lib/python3.12/site-packages/defect_detection/defect_detection/__pycache__/__init__.cpython-312.pyc
/home/avaradar/ros2_ws/install/defect_detection/lib/python3.12/site-packages/defect_detection/autonomous_reinspection/__pycache__/__init__.cpython-312.pyc
/home/avaradar/ros2_ws/install/defect_detection/lib/python3.12/site-packages/defect_detection/pointcloud_loading/__pycache__/__init__.cpython-312.pyc
/home/avaradar/ros2_ws/install/defect_detection/lib/python3.12/site-packages/defect_detection/pointcloud_loading/__pycache__/point_cloud_subscriber.cpython-312.pyc
/home/avaradar/ros2_ws/install/defect_detection/lib/python3.12/site-packages/defect_detection/defect_localization/__pycache__/extract_3d_detections.cpython-312.pyc
/home/avaradar/ros2_ws/install/defect_detection/lib/python3.12/site-packages/defect_detection/defect_localization/__pycache__/__init__.cpython-312.pyc
/home/avaradar/ros2_ws/install/defect_detection/lib/python3.12/site-packages/defect_detection/report_generation/__pycache__/__init__.cpython-312.pyc
/home/avaradar/ros2_ws/install/defect_detection/lib/python3.12/site-packages/defect_detection/spot_cam_loading/__pycache__/image_publisher.cpython-312.pyc
/home/avaradar/ros2_ws/install/defect_detection/lib/python3.12/site-packages/defect_detection/spot_cam_loading/__pycache__/image_subscriber.cpython-312.pyc
/home/avaradar/ros2_ws/install/defect_detection/lib/python3.12/site-packages/defect_detection/spot_cam_loading/__pycache__/__init__.cpython-312.pyc
/home/avaradar/ros2_ws/install/defect_detection/share/ament_index/resource_index/packages/defect_detection
/home/avaradar/ros2_ws/install/defect_detection/share/defect_detection/package.xml
/home/avaradar/ros2_ws/install/defect_detection/lib/python3.12/site-packages/defect_detection-0.0.0-py3.12.egg-info/top_level.txt
/home/avaradar/ros2_ws/install/defect_detection/lib/python3.12/site-packages/defect_detection-0.0.0-py3.12.egg-info/dependency_links.txt
/home/avaradar/ros2_ws/install/defect_detection/lib/python3.12/site-packages/defect_detection-0.0.0-py3.12.egg-info/requires.txt
/home/avaradar/ros2_ws/install/defect_detection/lib/python3.12/site-packages/defect_detection-0.0.0-py3.12.egg-info/SOURCES.txt
/home/avaradar/ros2_ws/install/defect_detection/lib/python3.12/site-packages/defect_detection-0.0.0-py3.12.egg-info/zip-safe
/home/avaradar/ros2_ws/install/defect_detection/lib/python3.12/site-packages/defect_detection-0.0.0-py3.12.egg-info/PKG-INFO
