[0.636s] Invoking command in '/home/avaradar/ros2_ws/build/defect_detection': PYTHONPATH=/home/avaradar/ros2_ws/build/defect_detection/prefix_override:/usr/lib/python3/dist-packages/colcon_core/task/python/colcon_distutils_commands:/home/avaradar/ros2_ws/install/defect_detection/lib/python3.12/site-packages:${PYTHONPATH} /usr/bin/python3 -W ignore:setup.py install is deprecated -W ignore:easy_install command is deprecated setup.py develop --editable --build-directory /home/avaradar/ros2_ws/build/defect_detection/build --no-deps symlink_data --force
[0.800s] running develop
[0.886s] running egg_info
[0.894s] writing defect_detection.egg-info/PKG-INFO
[0.894s] writing dependency_links to defect_detection.egg-info/dependency_links.txt
[0.894s] writing entry points to defect_detection.egg-info/entry_points.txt
[0.894s] writing requirements to defect_detection.egg-info/requires.txt
[0.894s] writing top-level names to defect_detection.egg-info/top_level.txt
[0.910s] reading manifest file 'defect_detection.egg-info/SOURCES.txt'
[0.911s] writing manifest file 'defect_detection.egg-info/SOURCES.txt'
[0.919s] running build_ext
[0.919s] Creating /home/avaradar/ros2_ws/install/defect_detection/lib/python3.12/site-packages/defect-detection.egg-link (link to .)
[0.919s] Installing fusion_node script to /home/avaradar/ros2_ws/install/defect_detection/lib/defect_detection
[0.920s] Installing image_publisher script to /home/avaradar/ros2_ws/install/defect_detection/lib/defect_detection
[0.920s] Installing image_subscriber script to /home/avaradar/ros2_ws/install/defect_detection/lib/defect_detection
[0.920s] Installing point_cloud_subscriber script to /home/avaradar/ros2_ws/install/defect_detection/lib/defect_detection
[0.920s] Installing yolo_detector script to /home/avaradar/ros2_ws/install/defect_detection/lib/defect_detection
[0.921s] 
[0.921s] Installed /home/avaradar/ros2_ws/build/defect_detection
[0.921s] running symlink_data
[0.921s] symbolically linking /home/avaradar/ros2_ws/build/defect_detection/resource/defect_detection -> /home/avaradar/ros2_ws/install/defect_detection/share/ament_index/resource_index/packages
[0.922s] symbolically linking /home/avaradar/ros2_ws/build/defect_detection/package.xml -> /home/avaradar/ros2_ws/install/defect_detection/share/defect_detection
[0.922s] creating /home/avaradar/ros2_ws/install/defect_detection/share/defect_detection/launch
[0.922s] error: [Errno 2] No such file or directory: '/home/avaradar/ros2_ws/install/defect_detection/share/defect_detection/launch/defect_detection.launch.xml'
[0.940s] Invoked command in '/home/avaradar/ros2_ws/build/defect_detection' returned '1': PYTHONPATH=/home/avaradar/ros2_ws/build/defect_detection/prefix_override:/usr/lib/python3/dist-packages/colcon_core/task/python/colcon_distutils_commands:/home/avaradar/ros2_ws/install/defect_detection/lib/python3.12/site-packages:${PYTHONPATH} /usr/bin/python3 -W ignore:setup.py install is deprecated -W ignore:easy_install command is deprecated setup.py develop --editable --build-directory /home/avaradar/ros2_ws/build/defect_detection/build --no-deps symlink_data --force
