[0.420s] Invoking command in '/home/avaradar/ros2_ws/build/defect_detection': PYTHONPATH=/home/avaradar/ros2_ws/build/defect_detection/prefix_override:/usr/lib/python3/dist-packages/colcon_core/task/python/colcon_distutils_commands:/home/avaradar/ros2_ws/install/defect_detection/lib/python3.12/site-packages:${PYTHONPATH} /usr/bin/python3 -W ignore:setup.py install is deprecated -W ignore:easy_install command is deprecated setup.py develop --editable --build-directory /home/avaradar/ros2_ws/build/defect_detection/build --no-deps symlink_data
[0.579s] running develop
[0.669s] running egg_info
[0.678s] writing defect_detection.egg-info/PKG-INFO
[0.678s] writing dependency_links to defect_detection.egg-info/dependency_links.txt
[0.678s] writing entry points to defect_detection.egg-info/entry_points.txt
[0.678s] writing requirements to defect_detection.egg-info/requires.txt
[0.678s] writing top-level names to defect_detection.egg-info/top_level.txt
[0.696s] reading manifest file 'defect_detection.egg-info/SOURCES.txt'
[0.697s] writing manifest file 'defect_detection.egg-info/SOURCES.txt'
[0.706s] running build_ext
[0.706s] Creating /home/avaradar/ros2_ws/install/defect_detection/lib/python3.12/site-packages/defect-detection.egg-link (link to .)
[0.706s] Installing fusion_node script to /home/avaradar/ros2_ws/install/defect_detection/lib/defect_detection
[0.707s] Installing image_publisher script to /home/avaradar/ros2_ws/install/defect_detection/lib/defect_detection
[0.707s] Installing image_subscriber script to /home/avaradar/ros2_ws/install/defect_detection/lib/defect_detection
[0.707s] Installing point_cloud_subscriber script to /home/avaradar/ros2_ws/install/defect_detection/lib/defect_detection
[0.707s] Installing yolo_detector script to /home/avaradar/ros2_ws/install/defect_detection/lib/defect_detection
[0.707s] 
[0.707s] Installed /home/avaradar/ros2_ws/build/defect_detection
[0.707s] running symlink_data
[0.707s] symbolically linking /home/avaradar/ros2_ws/build/defect_detection/launch/defect_detection.launch.xml -> /home/avaradar/ros2_ws/install/defect_detection/share/defect_detection/launch
[0.708s] creating /home/avaradar/ros2_ws/install/defect_detection/share/defect_detection/config
[0.708s] creating /home/avaradar/ros2_ws/install/defect_detection/share/defect_detection/models
[0.708s] symbolically linking /home/avaradar/ros2_ws/build/defect_detection/models/dataset.yaml -> /home/avaradar/ros2_ws/install/defect_detection/share/defect_detection/models
[0.728s] Invoked command in '/home/avaradar/ros2_ws/build/defect_detection' returned '0': PYTHONPATH=/home/avaradar/ros2_ws/build/defect_detection/prefix_override:/usr/lib/python3/dist-packages/colcon_core/task/python/colcon_distutils_commands:/home/avaradar/ros2_ws/install/defect_detection/lib/python3.12/site-packages:${PYTHONPATH} /usr/bin/python3 -W ignore:setup.py install is deprecated -W ignore:easy_install command is deprecated setup.py develop --editable --build-directory /home/avaradar/ros2_ws/build/defect_detection/build --no-deps symlink_data
