running egg_info
creating ../../build/defect_detection/defect_detection.egg-info
writing ../../build/defect_detection/defect_detection.egg-info/PKG-INFO
writing dependency_links to ../../build/defect_detection/defect_detection.egg-info/dependency_links.txt
writing requirements to ../../build/defect_detection/defect_detection.egg-info/requires.txt
writing top-level names to ../../build/defect_detection/defect_detection.egg-info/top_level.txt
writing manifest file '../../build/defect_detection/defect_detection.egg-info/SOURCES.txt'
reading manifest file '../../build/defect_detection/defect_detection.egg-info/SOURCES.txt'
writing manifest file '../../build/defect_detection/defect_detection.egg-info/SOURCES.txt'
running build
running build_py
creating /home/avaradar/ros2_ws/build/defect_detection/build
creating /home/avaradar/ros2_ws/build/defect_detection/build/lib
creating /home/avaradar/ros2_ws/build/defect_detection/build/lib/defect_detection
copying defect_detection/__init__.py -> /home/avaradar/ros2_ws/build/defect_detection/build/lib/defect_detection
creating /home/avaradar/ros2_ws/build/defect_detection/build/lib/defect_detection/inspection_database
copying defect_detection/inspection_database/__init__.py -> /home/avaradar/ros2_ws/build/defect_detection/build/lib/defect_detection/inspection_database
creating /home/avaradar/ros2_ws/build/defect_detection/build/lib/defect_detection/digital_twin
copying defect_detection/digital_twin/__init__.py -> /home/avaradar/ros2_ws/build/defect_detection/build/lib/defect_detection/digital_twin
creating /home/avaradar/ros2_ws/build/defect_detection/build/lib/defect_detection/defect_detection
copying defect_detection/defect_detection/yolo_detector.py -> /home/avaradar/ros2_ws/build/defect_detection/build/lib/defect_detection/defect_detection
copying defect_detection/defect_detection/__init__.py -> /home/avaradar/ros2_ws/build/defect_detection/build/lib/defect_detection/defect_detection
creating /home/avaradar/ros2_ws/build/defect_detection/build/lib/defect_detection/autonomous_reinspection
copying defect_detection/autonomous_reinspection/__init__.py -> /home/avaradar/ros2_ws/build/defect_detection/build/lib/defect_detection/autonomous_reinspection
creating /home/avaradar/ros2_ws/build/defect_detection/build/lib/defect_detection/pointcloud_loading
copying defect_detection/pointcloud_loading/__init__.py -> /home/avaradar/ros2_ws/build/defect_detection/build/lib/defect_detection/pointcloud_loading
copying defect_detection/pointcloud_loading/point_cloud_subscriber.py -> /home/avaradar/ros2_ws/build/defect_detection/build/lib/defect_detection/pointcloud_loading
creating /home/avaradar/ros2_ws/build/defect_detection/build/lib/defect_detection/defect_localization
copying defect_detection/defect_localization/extract_3d_detections.py -> /home/avaradar/ros2_ws/build/defect_detection/build/lib/defect_detection/defect_localization
copying defect_detection/defect_localization/__init__.py -> /home/avaradar/ros2_ws/build/defect_detection/build/lib/defect_detection/defect_localization
creating /home/avaradar/ros2_ws/build/defect_detection/build/lib/defect_detection/report_generation
copying defect_detection/report_generation/__init__.py -> /home/avaradar/ros2_ws/build/defect_detection/build/lib/defect_detection/report_generation
creating /home/avaradar/ros2_ws/build/defect_detection/build/lib/defect_detection/spot_cam_loading
copying defect_detection/spot_cam_loading/image_publisher.py -> /home/avaradar/ros2_ws/build/defect_detection/build/lib/defect_detection/spot_cam_loading
copying defect_detection/spot_cam_loading/image_subscriber.py -> /home/avaradar/ros2_ws/build/defect_detection/build/lib/defect_detection/spot_cam_loading
copying defect_detection/spot_cam_loading/__init__.py -> /home/avaradar/ros2_ws/build/defect_detection/build/lib/defect_detection/spot_cam_loading
running install
running install_lib
creating /home/avaradar/ros2_ws/install/defect_detection/lib/python3.12/site-packages/defect_detection
creating /home/avaradar/ros2_ws/install/defect_detection/lib/python3.12/site-packages/defect_detection/inspection_database
copying /home/avaradar/ros2_ws/build/defect_detection/build/lib/defect_detection/inspection_database/__init__.py -> /home/avaradar/ros2_ws/install/defect_detection/lib/python3.12/site-packages/defect_detection/inspection_database
creating /home/avaradar/ros2_ws/install/defect_detection/lib/python3.12/site-packages/defect_detection/digital_twin
copying /home/avaradar/ros2_ws/build/defect_detection/build/lib/defect_detection/digital_twin/__init__.py -> /home/avaradar/ros2_ws/install/defect_detection/lib/python3.12/site-packages/defect_detection/digital_twin
creating /home/avaradar/ros2_ws/install/defect_detection/lib/python3.12/site-packages/defect_detection/defect_detection
copying /home/avaradar/ros2_ws/build/defect_detection/build/lib/defect_detection/defect_detection/yolo_detector.py -> /home/avaradar/ros2_ws/install/defect_detection/lib/python3.12/site-packages/defect_detection/defect_detection
copying /home/avaradar/ros2_ws/build/defect_detection/build/lib/defect_detection/defect_detection/__init__.py -> /home/avaradar/ros2_ws/install/defect_detection/lib/python3.12/site-packages/defect_detection/defect_detection
creating /home/avaradar/ros2_ws/install/defect_detection/lib/python3.12/site-packages/defect_detection/autonomous_reinspection
copying /home/avaradar/ros2_ws/build/defect_detection/build/lib/defect_detection/autonomous_reinspection/__init__.py -> /home/avaradar/ros2_ws/install/defect_detection/lib/python3.12/site-packages/defect_detection/autonomous_reinspection
creating /home/avaradar/ros2_ws/install/defect_detection/lib/python3.12/site-packages/defect_detection/pointcloud_loading
copying /home/avaradar/ros2_ws/build/defect_detection/build/lib/defect_detection/pointcloud_loading/__init__.py -> /home/avaradar/ros2_ws/install/defect_detection/lib/python3.12/site-packages/defect_detection/pointcloud_loading
copying /home/avaradar/ros2_ws/build/defect_detection/build/lib/defect_detection/pointcloud_loading/point_cloud_subscriber.py -> /home/avaradar/ros2_ws/install/defect_detection/lib/python3.12/site-packages/defect_detection/pointcloud_loading
creating /home/avaradar/ros2_ws/install/defect_detection/lib/python3.12/site-packages/defect_detection/defect_localization
copying /home/avaradar/ros2_ws/build/defect_detection/build/lib/defect_detection/defect_localization/extract_3d_detections.py -> /home/avaradar/ros2_ws/install/defect_detection/lib/python3.12/site-packages/defect_detection/defect_localization
copying /home/avaradar/ros2_ws/build/defect_detection/build/lib/defect_detection/defect_localization/__init__.py -> /home/avaradar/ros2_ws/install/defect_detection/lib/python3.12/site-packages/defect_detection/defect_localization
creating /home/avaradar/ros2_ws/install/defect_detection/lib/python3.12/site-packages/defect_detection/report_generation
copying /home/avaradar/ros2_ws/build/defect_detection/build/lib/defect_detection/report_generation/__init__.py -> /home/avaradar/ros2_ws/install/defect_detection/lib/python3.12/site-packages/defect_detection/report_generation
creating /home/avaradar/ros2_ws/install/defect_detection/lib/python3.12/site-packages/defect_detection/spot_cam_loading
copying /home/avaradar/ros2_ws/build/defect_detection/build/lib/defect_detection/spot_cam_loading/image_publisher.py -> /home/avaradar/ros2_ws/install/defect_detection/lib/python3.12/site-packages/defect_detection/spot_cam_loading
copying /home/avaradar/ros2_ws/build/defect_detection/build/lib/defect_detection/spot_cam_loading/image_subscriber.py -> /home/avaradar/ros2_ws/install/defect_detection/lib/python3.12/site-packages/defect_detection/spot_cam_loading
copying /home/avaradar/ros2_ws/build/defect_detection/build/lib/defect_detection/spot_cam_loading/__init__.py -> /home/avaradar/ros2_ws/install/defect_detection/lib/python3.12/site-packages/defect_detection/spot_cam_loading
copying /home/avaradar/ros2_ws/build/defect_detection/build/lib/defect_detection/__init__.py -> /home/avaradar/ros2_ws/install/defect_detection/lib/python3.12/site-packages/defect_detection
byte-compiling /home/avaradar/ros2_ws/install/defect_detection/lib/python3.12/site-packages/defect_detection/inspection_database/__init__.py to __init__.cpython-312.pyc
byte-compiling /home/avaradar/ros2_ws/install/defect_detection/lib/python3.12/site-packages/defect_detection/digital_twin/__init__.py to __init__.cpython-312.pyc
byte-compiling /home/avaradar/ros2_ws/install/defect_detection/lib/python3.12/site-packages/defect_detection/defect_detection/yolo_detector.py to yolo_detector.cpython-312.pyc
byte-compiling /home/avaradar/ros2_ws/install/defect_detection/lib/python3.12/site-packages/defect_detection/defect_detection/__init__.py to __init__.cpython-312.pyc
byte-compiling /home/avaradar/ros2_ws/install/defect_detection/lib/python3.12/site-packages/defect_detection/autonomous_reinspection/__init__.py to __init__.cpython-312.pyc
byte-compiling /home/avaradar/ros2_ws/install/defect_detection/lib/python3.12/site-packages/defect_detection/pointcloud_loading/__init__.py to __init__.cpython-312.pyc
byte-compiling /home/avaradar/ros2_ws/install/defect_detection/lib/python3.12/site-packages/defect_detection/pointcloud_loading/point_cloud_subscriber.py to point_cloud_subscriber.cpython-312.pyc
byte-compiling /home/avaradar/ros2_ws/install/defect_detection/lib/python3.12/site-packages/defect_detection/defect_localization/extract_3d_detections.py to extract_3d_detections.cpython-312.pyc
byte-compiling /home/avaradar/ros2_ws/install/defect_detection/lib/python3.12/site-packages/defect_detection/defect_localization/__init__.py to __init__.cpython-312.pyc
byte-compiling /home/avaradar/ros2_ws/install/defect_detection/lib/python3.12/site-packages/defect_detection/report_generation/__init__.py to __init__.cpython-312.pyc
byte-compiling /home/avaradar/ros2_ws/install/defect_detection/lib/python3.12/site-packages/defect_detection/spot_cam_loading/image_publisher.py to image_publisher.cpython-312.pyc
byte-compiling /home/avaradar/ros2_ws/install/defect_detection/lib/python3.12/site-packages/defect_detection/spot_cam_loading/image_subscriber.py to image_subscriber.cpython-312.pyc
byte-compiling /home/avaradar/ros2_ws/install/defect_detection/lib/python3.12/site-packages/defect_detection/spot_cam_loading/__init__.py to __init__.cpython-312.pyc
byte-compiling /home/avaradar/ros2_ws/install/defect_detection/lib/python3.12/site-packages/defect_detection/__init__.py to __init__.cpython-312.pyc
running install_data
creating /home/avaradar/ros2_ws/install/defect_detection/share/ament_index
creating /home/avaradar/ros2_ws/install/defect_detection/share/ament_index/resource_index
creating /home/avaradar/ros2_ws/install/defect_detection/share/ament_index/resource_index/packages
copying resource/defect_detection -> /home/avaradar/ros2_ws/install/defect_detection/share/ament_index/resource_index/packages
copying package.xml -> /home/avaradar/ros2_ws/install/defect_detection/share/defect_detection
running install_egg_info
Copying ../../build/defect_detection/defect_detection.egg-info to /home/avaradar/ros2_ws/install/defect_detection/lib/python3.12/site-packages/defect_detection-0.0.0-py3.12.egg-info
running install_scripts
writing list of installed files to '/home/avaradar/ros2_ws/build/defect_detection/install.log'
