[0.434s] Invoking command in '/home/avaradar/ros2_ws/src/defect_detection': PYTHONPATH=/home/avaradar/ros2_ws/build/defect_detection/prefix_override:/usr/lib/python3/dist-packages/colcon_core/task/python/colcon_distutils_commands:/home/avaradar/ros2_ws/install/defect_detection/lib/python3.12/site-packages:${PYTHONPATH} /usr/bin/python3 -W ignore:setup.py install is deprecated -W ignore:easy_install command is deprecated setup.py egg_info --egg-base ../../build/defect_detection build --build-base /home/avaradar/ros2_ws/build/defect_detection/build install --record /home/avaradar/ros2_ws/build/defect_detection/install.log --single-version-externally-managed install_data
[0.549s] running egg_info
[0.549s] creating ../../build/defect_detection/defect_detection.egg-info
[0.556s] writing ../../build/defect_detection/defect_detection.egg-info/PKG-INFO
[0.556s] writing dependency_links to ../../build/defect_detection/defect_detection.egg-info/dependency_links.txt
[0.556s] writing requirements to ../../build/defect_detection/defect_detection.egg-info/requires.txt
[0.556s] writing top-level names to ../../build/defect_detection/defect_detection.egg-info/top_level.txt
[0.556s] writing manifest file '../../build/defect_detection/defect_detection.egg-info/SOURCES.txt'
[0.571s] reading manifest file '../../build/defect_detection/defect_detection.egg-info/SOURCES.txt'
[0.571s] writing manifest file '../../build/defect_detection/defect_detection.egg-info/SOURCES.txt'
[0.571s] running build
[0.572s] running build_py
[0.572s] creating /home/avaradar/ros2_ws/build/defect_detection/build
[0.572s] creating /home/avaradar/ros2_ws/build/defect_detection/build/lib
[0.572s] creating /home/avaradar/ros2_ws/build/defect_detection/build/lib/defect_detection
[0.572s] copying defect_detection/__init__.py -> /home/avaradar/ros2_ws/build/defect_detection/build/lib/defect_detection
[0.572s] creating /home/avaradar/ros2_ws/build/defect_detection/build/lib/defect_detection/inspection_database
[0.572s] copying defect_detection/inspection_database/__init__.py -> /home/avaradar/ros2_ws/build/defect_detection/build/lib/defect_detection/inspection_database
[0.573s] creating /home/avaradar/ros2_ws/build/defect_detection/build/lib/defect_detection/digital_twin
[0.573s] copying defect_detection/digital_twin/__init__.py -> /home/avaradar/ros2_ws/build/defect_detection/build/lib/defect_detection/digital_twin
[0.573s] creating /home/avaradar/ros2_ws/build/defect_detection/build/lib/defect_detection/defect_detection
[0.573s] copying defect_detection/defect_detection/yolo_detector.py -> /home/avaradar/ros2_ws/build/defect_detection/build/lib/defect_detection/defect_detection
[0.573s] copying defect_detection/defect_detection/__init__.py -> /home/avaradar/ros2_ws/build/defect_detection/build/lib/defect_detection/defect_detection
[0.573s] creating /home/avaradar/ros2_ws/build/defect_detection/build/lib/defect_detection/autonomous_reinspection
[0.573s] copying defect_detection/autonomous_reinspection/__init__.py -> /home/avaradar/ros2_ws/build/defect_detection/build/lib/defect_detection/autonomous_reinspection
[0.573s] creating /home/avaradar/ros2_ws/build/defect_detection/build/lib/defect_detection/pointcloud_loading
[0.573s] copying defect_detection/pointcloud_loading/__init__.py -> /home/avaradar/ros2_ws/build/defect_detection/build/lib/defect_detection/pointcloud_loading
[0.573s] copying defect_detection/pointcloud_loading/point_cloud_subscriber.py -> /home/avaradar/ros2_ws/build/defect_detection/build/lib/defect_detection/pointcloud_loading
[0.573s] creating /home/avaradar/ros2_ws/build/defect_detection/build/lib/defect_detection/defect_localization
[0.573s] copying defect_detection/defect_localization/extract_3d_detections.py -> /home/avaradar/ros2_ws/build/defect_detection/build/lib/defect_detection/defect_localization
[0.574s] copying defect_detection/defect_localization/__init__.py -> /home/avaradar/ros2_ws/build/defect_detection/build/lib/defect_detection/defect_localization
[0.574s] creating /home/avaradar/ros2_ws/build/defect_detection/build/lib/defect_detection/report_generation
[0.574s] copying defect_detection/report_generation/__init__.py -> /home/avaradar/ros2_ws/build/defect_detection/build/lib/defect_detection/report_generation
[0.574s] creating /home/avaradar/ros2_ws/build/defect_detection/build/lib/defect_detection/spot_cam_loading
[0.574s] copying defect_detection/spot_cam_loading/image_publisher.py -> /home/avaradar/ros2_ws/build/defect_detection/build/lib/defect_detection/spot_cam_loading
[0.574s] copying defect_detection/spot_cam_loading/image_subscriber.py -> /home/avaradar/ros2_ws/build/defect_detection/build/lib/defect_detection/spot_cam_loading
[0.574s] copying defect_detection/spot_cam_loading/__init__.py -> /home/avaradar/ros2_ws/build/defect_detection/build/lib/defect_detection/spot_cam_loading
[0.574s] running install
[0.576s] running install_lib
[0.584s] creating /home/avaradar/ros2_ws/install/defect_detection/lib/python3.12/site-packages/defect_detection
[0.584s] creating /home/avaradar/ros2_ws/install/defect_detection/lib/python3.12/site-packages/defect_detection/inspection_database
[0.584s] copying /home/avaradar/ros2_ws/build/defect_detection/build/lib/defect_detection/inspection_database/__init__.py -> /home/avaradar/ros2_ws/install/defect_detection/lib/python3.12/site-packages/defect_detection/inspection_database
[0.584s] creating /home/avaradar/ros2_ws/install/defect_detection/lib/python3.12/site-packages/defect_detection/digital_twin
[0.584s] copying /home/avaradar/ros2_ws/build/defect_detection/build/lib/defect_detection/digital_twin/__init__.py -> /home/avaradar/ros2_ws/install/defect_detection/lib/python3.12/site-packages/defect_detection/digital_twin
[0.585s] creating /home/avaradar/ros2_ws/install/defect_detection/lib/python3.12/site-packages/defect_detection/defect_detection
[0.585s] copying /home/avaradar/ros2_ws/build/defect_detection/build/lib/defect_detection/defect_detection/yolo_detector.py -> /home/avaradar/ros2_ws/install/defect_detection/lib/python3.12/site-packages/defect_detection/defect_detection
[0.585s] copying /home/avaradar/ros2_ws/build/defect_detection/build/lib/defect_detection/defect_detection/__init__.py -> /home/avaradar/ros2_ws/install/defect_detection/lib/python3.12/site-packages/defect_detection/defect_detection
[0.585s] creating /home/avaradar/ros2_ws/install/defect_detection/lib/python3.12/site-packages/defect_detection/autonomous_reinspection
[0.585s] copying /home/avaradar/ros2_ws/build/defect_detection/build/lib/defect_detection/autonomous_reinspection/__init__.py -> /home/avaradar/ros2_ws/install/defect_detection/lib/python3.12/site-packages/defect_detection/autonomous_reinspection
[0.585s] creating /home/avaradar/ros2_ws/install/defect_detection/lib/python3.12/site-packages/defect_detection/pointcloud_loading
[0.585s] copying /home/avaradar/ros2_ws/build/defect_detection/build/lib/defect_detection/pointcloud_loading/__init__.py -> /home/avaradar/ros2_ws/install/defect_detection/lib/python3.12/site-packages/defect_detection/pointcloud_loading
[0.585s] copying /home/avaradar/ros2_ws/build/defect_detection/build/lib/defect_detection/pointcloud_loading/point_cloud_subscriber.py -> /home/avaradar/ros2_ws/install/defect_detection/lib/python3.12/site-packages/defect_detection/pointcloud_loading
[0.585s] creating /home/avaradar/ros2_ws/install/defect_detection/lib/python3.12/site-packages/defect_detection/defect_localization
[0.585s] copying /home/avaradar/ros2_ws/build/defect_detection/build/lib/defect_detection/defect_localization/extract_3d_detections.py -> /home/avaradar/ros2_ws/install/defect_detection/lib/python3.12/site-packages/defect_detection/defect_localization
[0.585s] copying /home/avaradar/ros2_ws/build/defect_detection/build/lib/defect_detection/defect_localization/__init__.py -> /home/avaradar/ros2_ws/install/defect_detection/lib/python3.12/site-packages/defect_detection/defect_localization
[0.585s] creating /home/avaradar/ros2_ws/install/defect_detection/lib/python3.12/site-packages/defect_detection/report_generation
[0.585s] copying /home/avaradar/ros2_ws/build/defect_detection/build/lib/defect_detection/report_generation/__init__.py -> /home/avaradar/ros2_ws/install/defect_detection/lib/python3.12/site-packages/defect_detection/report_generation
[0.585s] creating /home/avaradar/ros2_ws/install/defect_detection/lib/python3.12/site-packages/defect_detection/spot_cam_loading
[0.585s] copying /home/avaradar/ros2_ws/build/defect_detection/build/lib/defect_detection/spot_cam_loading/image_publisher.py -> /home/avaradar/ros2_ws/install/defect_detection/lib/python3.12/site-packages/defect_detection/spot_cam_loading
[0.585s] copying /home/avaradar/ros2_ws/build/defect_detection/build/lib/defect_detection/spot_cam_loading/image_subscriber.py -> /home/avaradar/ros2_ws/install/defect_detection/lib/python3.12/site-packages/defect_detection/spot_cam_loading
[0.585s] copying /home/avaradar/ros2_ws/build/defect_detection/build/lib/defect_detection/spot_cam_loading/__init__.py -> /home/avaradar/ros2_ws/install/defect_detection/lib/python3.12/site-packages/defect_detection/spot_cam_loading
[0.585s] copying /home/avaradar/ros2_ws/build/defect_detection/build/lib/defect_detection/__init__.py -> /home/avaradar/ros2_ws/install/defect_detection/lib/python3.12/site-packages/defect_detection
[0.586s] byte-compiling /home/avaradar/ros2_ws/install/defect_detection/lib/python3.12/site-packages/defect_detection/inspection_database/__init__.py to __init__.cpython-312.pyc
[0.586s] byte-compiling /home/avaradar/ros2_ws/install/defect_detection/lib/python3.12/site-packages/defect_detection/digital_twin/__init__.py to __init__.cpython-312.pyc
[0.586s] byte-compiling /home/avaradar/ros2_ws/install/defect_detection/lib/python3.12/site-packages/defect_detection/defect_detection/yolo_detector.py to yolo_detector.cpython-312.pyc
[0.586s] byte-compiling /home/avaradar/ros2_ws/install/defect_detection/lib/python3.12/site-packages/defect_detection/defect_detection/__init__.py to __init__.cpython-312.pyc
[0.586s] byte-compiling /home/avaradar/ros2_ws/install/defect_detection/lib/python3.12/site-packages/defect_detection/autonomous_reinspection/__init__.py to __init__.cpython-312.pyc
[0.586s] byte-compiling /home/avaradar/ros2_ws/install/defect_detection/lib/python3.12/site-packages/defect_detection/pointcloud_loading/__init__.py to __init__.cpython-312.pyc
[0.587s] byte-compiling /home/avaradar/ros2_ws/install/defect_detection/lib/python3.12/site-packages/defect_detection/pointcloud_loading/point_cloud_subscriber.py to point_cloud_subscriber.cpython-312.pyc
[0.587s] byte-compiling /home/avaradar/ros2_ws/install/defect_detection/lib/python3.12/site-packages/defect_detection/defect_localization/extract_3d_detections.py to extract_3d_detections.cpython-312.pyc
[0.588s] byte-compiling /home/avaradar/ros2_ws/install/defect_detection/lib/python3.12/site-packages/defect_detection/defect_localization/__init__.py to __init__.cpython-312.pyc
[0.588s] byte-compiling /home/avaradar/ros2_ws/install/defect_detection/lib/python3.12/site-packages/defect_detection/report_generation/__init__.py to __init__.cpython-312.pyc
[0.589s] byte-compiling /home/avaradar/ros2_ws/install/defect_detection/lib/python3.12/site-packages/defect_detection/spot_cam_loading/image_publisher.py to image_publisher.cpython-312.pyc
[0.589s] byte-compiling /home/avaradar/ros2_ws/install/defect_detection/lib/python3.12/site-packages/defect_detection/spot_cam_loading/image_subscriber.py to image_subscriber.cpython-312.pyc
[0.589s] byte-compiling /home/avaradar/ros2_ws/install/defect_detection/lib/python3.12/site-packages/defect_detection/spot_cam_loading/__init__.py to __init__.cpython-312.pyc
[0.589s] byte-compiling /home/avaradar/ros2_ws/install/defect_detection/lib/python3.12/site-packages/defect_detection/__init__.py to __init__.cpython-312.pyc
[0.589s] running install_data
[0.589s] creating /home/avaradar/ros2_ws/install/defect_detection/share/ament_index
[0.589s] creating /home/avaradar/ros2_ws/install/defect_detection/share/ament_index/resource_index
[0.590s] creating /home/avaradar/ros2_ws/install/defect_detection/share/ament_index/resource_index/packages
[0.590s] copying resource/defect_detection -> /home/avaradar/ros2_ws/install/defect_detection/share/ament_index/resource_index/packages
[0.590s] copying package.xml -> /home/avaradar/ros2_ws/install/defect_detection/share/defect_detection
[0.590s] running install_egg_info
[0.597s] Copying ../../build/defect_detection/defect_detection.egg-info to /home/avaradar/ros2_ws/install/defect_detection/lib/python3.12/site-packages/defect_detection-0.0.0-py3.12.egg-info
[0.598s] running install_scripts
[0.655s] writing list of installed files to '/home/avaradar/ros2_ws/build/defect_detection/install.log'
[0.667s] Invoked command in '/home/avaradar/ros2_ws/src/defect_detection' returned '0': PYTHONPATH=/home/avaradar/ros2_ws/build/defect_detection/prefix_override:/usr/lib/python3/dist-packages/colcon_core/task/python/colcon_distutils_commands:/home/avaradar/ros2_ws/install/defect_detection/lib/python3.12/site-packages:${PYTHONPATH} /usr/bin/python3 -W ignore:setup.py install is deprecated -W ignore:easy_install command is deprecated setup.py egg_info --egg-base ../../build/defect_detection build --build-base /home/avaradar/ros2_ws/build/defect_detection/build install --record /home/avaradar/ros2_ws/build/defect_detection/install.log --single-version-externally-managed install_data
